<?xml version="1.0" encoding="UTF-8"?>
<testng-results skipped="0" failed="0" total="0" passed="0">
  <reporter-output>
  </reporter-output>
  <suite name="com.twitter.example.AppTest" duration-ms="3" started-at="2016-07-30T10:45:47Z" finished-at="2016-07-30T10:45:47Z">
    <groups>
    </groups>
    <test name="Command line test" duration-ms="3" started-at="2016-07-30T10:45:47Z" finished-at="2016-07-30T10:45:47Z">
    </test> <!-- Command line test -->
  </suite> <!-- com.twitter.example.AppTest -->
</testng-results>
